{"D:\\IT\\NODEJS\\nodejs-homework\\config\\constants.js": {"path":"D:\\IT\\NODEJS\\nodejs-homework\\config\\constants.js","statementMap":{"0":{"start":{"line":1,"column":21},"end":{"line":5,"column":1}},"1":{"start":{"line":7,"column":19},"end":{"line":19,"column":3}},"2":{"start":{"line":21,"column":2},"end":{"line":24,"column":3}}},"fnMap":{},"branchMap":{},"s":{"0":1,"1":1,"2":1},"f":{},"b":{},"_coverageSchema":"1a1c01bbd47fc00a2c39e90264f33305004495a9","hash":"503cfd1673a55280a36f8e20c6322bb831c38e03"}
,"D:\\IT\\NODEJS\\nodejs-homework\\config\\passport.js": {"path":"D:\\IT\\NODEJS\\nodejs-homework\\config\\passport.js","statementMap":{"0":{"start":{"line":1,"column":17},"end":{"line":1,"column":36}},"1":{"start":{"line":2,"column":33},"end":{"line":2,"column":56}},"2":{"start":{"line":3,"column":14},"end":{"line":3,"column":44}},"3":{"start":{"line":4,"column":0},"end":{"line":4,"column":26}},"4":{"start":{"line":5,"column":19},"end":{"line":5,"column":45}},"5":{"start":{"line":7,"column":15},"end":{"line":10,"column":1}},"6":{"start":{"line":12,"column":0},"end":{"line":27,"column":1}},"7":{"start":{"line":14,"column":4},"end":{"line":25,"column":5}},"8":{"start":{"line":15,"column":19},"end":{"line":15,"column":51}},"9":{"start":{"line":16,"column":6},"end":{"line":18,"column":7}},"10":{"start":{"line":17,"column":8},"end":{"line":17,"column":55}},"11":{"start":{"line":19,"column":6},"end":{"line":21,"column":7}},"12":{"start":{"line":20,"column":8},"end":{"line":20,"column":32}},"13":{"start":{"line":22,"column":6},"end":{"line":22,"column":29}},"14":{"start":{"line":24,"column":6},"end":{"line":24,"column":29}}},"fnMap":{"0":{"name":"(anonymous_0)","decl":{"start":{"line":13,"column":23},"end":{"line":13,"column":24}},"loc":{"start":{"line":13,"column":48},"end":{"line":26,"column":3}},"line":13}},"branchMap":{"0":{"loc":{"start":{"line":16,"column":6},"end":{"line":18,"column":7}},"type":"if","locations":[{"start":{"line":16,"column":6},"end":{"line":18,"column":7}},{"start":{},"end":{}}],"line":16},"1":{"loc":{"start":{"line":19,"column":6},"end":{"line":21,"column":7}},"type":"if","locations":[{"start":{"line":19,"column":6},"end":{"line":21,"column":7}},{"start":{},"end":{}}],"line":19}},"s":{"0":1,"1":1,"2":1,"3":1,"4":1,"5":1,"6":1,"7":0,"8":0,"9":0,"10":0,"11":0,"12":0,"13":0,"14":0},"f":{"0":0},"b":{"0":[0,0],"1":[0,0]},"_coverageSchema":"1a1c01bbd47fc00a2c39e90264f33305004495a9","hash":"f45449bc9383d5531b0aba584794dc84220495a7"}
,"D:\\IT\\NODEJS\\nodejs-homework\\controllers\\contacts.js": {"path":"D:\\IT\\NODEJS\\nodejs-homework\\controllers\\contacts.js","statementMap":{"0":{"start":{"line":2,"column":17},"end":{"line":2,"column":50}},"1":{"start":{"line":3,"column":24},"end":{"line":3,"column":57}},"2":{"start":{"line":5,"column":20},"end":{"line":10,"column":1}},"3":{"start":{"line":6,"column":17},"end":{"line":6,"column":29}},"4":{"start":{"line":7,"column":20},"end":{"line":7,"column":66}},"5":{"start":{"line":8,"column":4},"end":{"line":8,"column":69}},"6":{"start":{"line":12,"column":19},"end":{"line":21,"column":1}},"7":{"start":{"line":13,"column":17},"end":{"line":13,"column":29}},"8":{"start":{"line":14,"column":20},"end":{"line":14,"column":72}},"9":{"start":{"line":15,"column":4},"end":{"line":19,"column":5}},"10":{"start":{"line":16,"column":6},"end":{"line":18,"column":66}},"11":{"start":{"line":20,"column":4},"end":{"line":20,"column":43}},"12":{"start":{"line":23,"column":20},"end":{"line":28,"column":1}},"13":{"start":{"line":24,"column":17},"end":{"line":24,"column":29}},"14":{"start":{"line":25,"column":20},"end":{"line":25,"column":75}},"15":{"start":{"line":26,"column":4},"end":{"line":26,"column":77}},"16":{"start":{"line":30,"column":23},"end":{"line":40,"column":1}},"17":{"start":{"line":31,"column":17},"end":{"line":31,"column":29}},"18":{"start":{"line":32,"column":20},"end":{"line":32,"column":71}},"19":{"start":{"line":33,"column":4},"end":{"line":37,"column":5}},"20":{"start":{"line":34,"column":6},"end":{"line":36,"column":66}},"21":{"start":{"line":38,"column":4},"end":{"line":38,"column":43}},"22":{"start":{"line":42,"column":23},"end":{"line":52,"column":1}},"23":{"start":{"line":43,"column":17},"end":{"line":43,"column":29}},"24":{"start":{"line":44,"column":20},"end":{"line":44,"column":81}},"25":{"start":{"line":45,"column":4},"end":{"line":49,"column":5}},"26":{"start":{"line":46,"column":6},"end":{"line":48,"column":66}},"27":{"start":{"line":50,"column":4},"end":{"line":50,"column":43}},"28":{"start":{"line":54,"column":28},"end":{"line":64,"column":3}},"29":{"start":{"line":55,"column":17},"end":{"line":55,"column":29}},"30":{"start":{"line":56,"column":22},"end":{"line":56,"column":83}},"31":{"start":{"line":57,"column":6},"end":{"line":61,"column":7}},"32":{"start":{"line":58,"column":8},"end":{"line":60,"column":68}},"33":{"start":{"line":62,"column":6},"end":{"line":62,"column":45}},"34":{"start":{"line":67,"column":0},"end":{"line":74,"column":1}}},"fnMap":{"0":{"name":"(anonymous_0)","decl":{"start":{"line":5,"column":20},"end":{"line":5,"column":21}},"loc":{"start":{"line":5,"column":40},"end":{"line":10,"column":1}},"line":5},"1":{"name":"(anonymous_1)","decl":{"start":{"line":12,"column":19},"end":{"line":12,"column":20}},"loc":{"start":{"line":12,"column":45},"end":{"line":21,"column":1}},"line":12},"2":{"name":"(anonymous_2)","decl":{"start":{"line":23,"column":20},"end":{"line":23,"column":21}},"loc":{"start":{"line":23,"column":46},"end":{"line":28,"column":1}},"line":23},"3":{"name":"(anonymous_3)","decl":{"start":{"line":30,"column":23},"end":{"line":30,"column":24}},"loc":{"start":{"line":30,"column":49},"end":{"line":40,"column":1}},"line":30},"4":{"name":"(anonymous_4)","decl":{"start":{"line":42,"column":23},"end":{"line":42,"column":24}},"loc":{"start":{"line":42,"column":49},"end":{"line":52,"column":1}},"line":42},"5":{"name":"(anonymous_5)","decl":{"start":{"line":54,"column":28},"end":{"line":54,"column":29}},"loc":{"start":{"line":54,"column":54},"end":{"line":64,"column":3}},"line":54}},"branchMap":{"0":{"loc":{"start":{"line":15,"column":4},"end":{"line":19,"column":5}},"type":"if","locations":[{"start":{"line":15,"column":4},"end":{"line":19,"column":5}},{"start":{},"end":{}}],"line":15},"1":{"loc":{"start":{"line":33,"column":4},"end":{"line":37,"column":5}},"type":"if","locations":[{"start":{"line":33,"column":4},"end":{"line":37,"column":5}},{"start":{},"end":{}}],"line":33},"2":{"loc":{"start":{"line":45,"column":4},"end":{"line":49,"column":5}},"type":"if","locations":[{"start":{"line":45,"column":4},"end":{"line":49,"column":5}},{"start":{},"end":{}}],"line":45},"3":{"loc":{"start":{"line":57,"column":6},"end":{"line":61,"column":7}},"type":"if","locations":[{"start":{"line":57,"column":6},"end":{"line":61,"column":7}},{"start":{},"end":{}}],"line":57}},"s":{"0":1,"1":1,"2":1,"3":0,"4":0,"5":0,"6":1,"7":0,"8":0,"9":0,"10":0,"11":0,"12":1,"13":0,"14":0,"15":0,"16":1,"17":0,"18":0,"19":0,"20":0,"21":0,"22":1,"23":3,"24":3,"25":3,"26":1,"27":2,"28":1,"29":0,"30":0,"31":0,"32":0,"33":0,"34":1},"f":{"0":0,"1":0,"2":0,"3":0,"4":3,"5":0},"b":{"0":[0,0],"1":[0,0],"2":[1,2],"3":[0,0]},"_coverageSchema":"1a1c01bbd47fc00a2c39e90264f33305004495a9","hash":"940c74d9e51fd4df675308816bdb590d5f909686"}
,"D:\\IT\\NODEJS\\nodejs-homework\\helpers\\customError.js": {"path":"D:\\IT\\NODEJS\\nodejs-homework\\helpers\\customError.js","statementMap":{"0":{"start":{"line":3,"column":6},"end":{"line":3,"column":13}},"1":{"start":{"line":4,"column":6},"end":{"line":4,"column":26}},"2":{"start":{"line":5,"column":6},"end":{"line":5,"column":28}},"3":{"start":{"line":6,"column":6},"end":{"line":6,"column":22}},"4":{"start":{"line":10,"column":2},"end":{"line":10,"column":34}}},"fnMap":{"0":{"name":"(anonymous_0)","decl":{"start":{"line":2,"column":4},"end":{"line":2,"column":5}},"loc":{"start":{"line":2,"column":55},"end":{"line":7,"column":5}},"line":2}},"branchMap":{"0":{"loc":{"start":{"line":2,"column":33},"end":{"line":2,"column":53}},"type":"default-arg","locations":[{"start":{"line":2,"column":40},"end":{"line":2,"column":53}}],"line":2}},"s":{"0":3,"1":3,"2":3,"3":3,"4":1},"f":{"0":3},"b":{"0":[3]},"_coverageSchema":"1a1c01bbd47fc00a2c39e90264f33305004495a9","hash":"22e3ce09483af9dc7888c0e7358aba90d45cfe9c"}
,"D:\\IT\\NODEJS\\nodejs-homework\\helpers\\guard.js": {"path":"D:\\IT\\NODEJS\\nodejs-homework\\helpers\\guard.js","statementMap":{"0":{"start":{"line":1,"column":17},"end":{"line":1,"column":36}},"1":{"start":{"line":2,"column":0},"end":{"line":2,"column":29}},"2":{"start":{"line":3,"column":21},"end":{"line":3,"column":51}},"3":{"start":{"line":5,"column":14},"end":{"line":18,"column":1}},"4":{"start":{"line":6,"column":2},"end":{"line":17,"column":20}},"5":{"start":{"line":7,"column":18},"end":{"line":7,"column":57}},"6":{"start":{"line":8,"column":4},"end":{"line":14,"column":5}},"7":{"start":{"line":9,"column":6},"end":{"line":13,"column":8}},"8":{"start":{"line":15,"column":4},"end":{"line":15,"column":19}},"9":{"start":{"line":16,"column":4},"end":{"line":16,"column":17}},"10":{"start":{"line":20,"column":0},"end":{"line":20,"column":22}}},"fnMap":{"0":{"name":"(anonymous_0)","decl":{"start":{"line":5,"column":14},"end":{"line":5,"column":15}},"loc":{"start":{"line":5,"column":34},"end":{"line":18,"column":1}},"line":5},"1":{"name":"(anonymous_1)","decl":{"start":{"line":6,"column":51},"end":{"line":6,"column":52}},"loc":{"start":{"line":6,"column":66},"end":{"line":17,"column":3}},"line":6}},"branchMap":{"0":{"loc":{"start":{"line":8,"column":4},"end":{"line":14,"column":5}},"type":"if","locations":[{"start":{"line":8,"column":4},"end":{"line":14,"column":5}},{"start":{},"end":{}}],"line":8},"1":{"loc":{"start":{"line":8,"column":8},"end":{"line":8,"column":44}},"type":"binary-expr","locations":[{"start":{"line":8,"column":8},"end":{"line":8,"column":13}},{"start":{"line":8,"column":17},"end":{"line":8,"column":20}},{"start":{"line":8,"column":24},"end":{"line":8,"column":44}}],"line":8}},"s":{"0":1,"1":1,"2":1,"3":1,"4":3,"5":3,"6":3,"7":2,"8":1,"9":1,"10":1},"f":{"0":3,"1":3},"b":{"0":[2,1],"1":[3,2,2]},"_coverageSchema":"1a1c01bbd47fc00a2c39e90264f33305004495a9","hash":"53f3269bf37474cdce7f31fb83d2d27d771df76d"}
,"D:\\IT\\NODEJS\\nodejs-homework\\model\\index.js": {"path":"D:\\IT\\NODEJS\\nodejs-homework\\model\\index.js","statementMap":{"0":{"start":{"line":1,"column":39},"end":{"line":1,"column":58}},"1":{"start":{"line":2,"column":25},"end":{"line":2,"column":56}},"2":{"start":{"line":4,"column":22},"end":{"line":42,"column":1}},"3":{"start":{"line":35,"column":8},"end":{"line":35,"column":22}},"4":{"start":{"line":37,"column":8},"end":{"line":37,"column":18}},"5":{"start":{"line":44,"column":0},"end":{"line":49,"column":2}},"6":{"start":{"line":45,"column":2},"end":{"line":47,"column":3}},"7":{"start":{"line":46,"column":4},"end":{"line":46,"column":21}},"8":{"start":{"line":48,"column":2},"end":{"line":48,"column":23}},"9":{"start":{"line":51,"column":0},"end":{"line":54,"column":2}},"10":{"start":{"line":52,"column":13},"end":{"line":52,"column":23}},"11":{"start":{"line":53,"column":2},"end":{"line":53,"column":31}},"12":{"start":{"line":56,"column":0},"end":{"line":56,"column":38}},"13":{"start":{"line":58,"column":16},"end":{"line":58,"column":47}},"14":{"start":{"line":60,"column":0},"end":{"line":60,"column":24}}},"fnMap":{"0":{"name":"(anonymous_0)","decl":{"start":{"line":34,"column":17},"end":{"line":34,"column":18}},"loc":{"start":{"line":34,"column":37},"end":{"line":38,"column":7}},"line":34},"1":{"name":"(anonymous_1)","decl":{"start":{"line":44,"column":36},"end":{"line":44,"column":37}},"loc":{"start":{"line":44,"column":48},"end":{"line":49,"column":1}},"line":44},"2":{"name":"(anonymous_2)","decl":{"start":{"line":51,"column":36},"end":{"line":51,"column":37}},"loc":{"start":{"line":51,"column":53},"end":{"line":54,"column":1}},"line":51}},"branchMap":{"0":{"loc":{"start":{"line":45,"column":2},"end":{"line":47,"column":3}},"type":"if","locations":[{"start":{"line":45,"column":2},"end":{"line":47,"column":3}},{"start":{},"end":{}}],"line":45}},"s":{"0":1,"1":1,"2":1,"3":0,"4":0,"5":1,"6":0,"7":0,"8":0,"9":1,"10":0,"11":0,"12":1,"13":1,"14":1},"f":{"0":0,"1":0,"2":0},"b":{"0":[0,0]},"_coverageSchema":"1a1c01bbd47fc00a2c39e90264f33305004495a9","hash":"2031ae5c13e47c4d4f32b0c81ba9b5c09dccff62"}
,"D:\\IT\\NODEJS\\nodejs-homework\\model\\user.js": {"path":"D:\\IT\\NODEJS\\nodejs-homework\\model\\user.js","statementMap":{"0":{"start":{"line":1,"column":26},"end":{"line":1,"column":45}},"1":{"start":{"line":2,"column":17},"end":{"line":2,"column":36}},"2":{"start":{"line":3,"column":15},"end":{"line":3,"column":34}},"3":{"start":{"line":4,"column":20},"end":{"line":4,"column":21}},"4":{"start":{"line":6,"column":19},"end":{"line":55,"column":1}},"5":{"start":{"line":17,"column":19},"end":{"line":17,"column":32}},"6":{"start":{"line":18,"column":8},"end":{"line":18,"column":51}},"7":{"start":{"line":37,"column":8},"end":{"line":37,"column":59}},"8":{"start":{"line":49,"column":8},"end":{"line":49,"column":22}},"9":{"start":{"line":50,"column":8},"end":{"line":50,"column":18}},"10":{"start":{"line":57,"column":0},"end":{"line":63,"column":2}},"11":{"start":{"line":58,"column":2},"end":{"line":61,"column":3}},"12":{"start":{"line":59,"column":17},"end":{"line":59,"column":50}},"13":{"start":{"line":60,"column":4},"end":{"line":60,"column":58}},"14":{"start":{"line":62,"column":2},"end":{"line":62,"column":8}},"15":{"start":{"line":65,"column":0},"end":{"line":67,"column":1}},"16":{"start":{"line":66,"column":2},"end":{"line":66,"column":48}},"17":{"start":{"line":69,"column":13},"end":{"line":69,"column":38}},"18":{"start":{"line":71,"column":0},"end":{"line":71,"column":21}}},"fnMap":{"0":{"name":"(anonymous_0)","decl":{"start":{"line":16,"column":6},"end":{"line":16,"column":7}},"loc":{"start":{"line":16,"column":22},"end":{"line":19,"column":7}},"line":16},"1":{"name":"(anonymous_1)","decl":{"start":{"line":36,"column":15},"end":{"line":36,"column":16}},"loc":{"start":{"line":36,"column":27},"end":{"line":38,"column":7}},"line":36},"2":{"name":"(anonymous_2)","decl":{"start":{"line":48,"column":17},"end":{"line":48,"column":18}},"loc":{"start":{"line":48,"column":37},"end":{"line":51,"column":7}},"line":48},"3":{"name":"(anonymous_3)","decl":{"start":{"line":57,"column":23},"end":{"line":57,"column":24}},"loc":{"start":{"line":57,"column":45},"end":{"line":63,"column":1}},"line":57},"4":{"name":"(anonymous_4)","decl":{"start":{"line":65,"column":37},"end":{"line":65,"column":38}},"loc":{"start":{"line":65,"column":63},"end":{"line":67,"column":1}},"line":65}},"branchMap":{"0":{"loc":{"start":{"line":58,"column":2},"end":{"line":61,"column":3}},"type":"if","locations":[{"start":{"line":58,"column":2},"end":{"line":61,"column":3}},{"start":{},"end":{}}],"line":58}},"s":{"0":1,"1":1,"2":1,"3":1,"4":1,"5":0,"6":0,"7":0,"8":0,"9":0,"10":1,"11":0,"12":0,"13":0,"14":0,"15":1,"16":0,"17":1,"18":1},"f":{"0":0,"1":0,"2":0,"3":0,"4":0},"b":{"0":[0,0]},"_coverageSchema":"1a1c01bbd47fc00a2c39e90264f33305004495a9","hash":"ff39223bde50fafcd7d0b60bda4bdf09558db8cb"}
,"D:\\IT\\NODEJS\\nodejs-homework\\repository\\contacts.js": {"path":"D:\\IT\\NODEJS\\nodejs-homework\\repository\\contacts.js","statementMap":{"0":{"start":{"line":1,"column":16},"end":{"line":1,"column":41}},"1":{"start":{"line":5,"column":21},"end":{"line":36,"column":1}},"2":{"start":{"line":13,"column":10},"end":{"line":13,"column":15}},"3":{"start":{"line":15,"column":28},"end":{"line":15,"column":45}},"4":{"start":{"line":17,"column":6},"end":{"line":19,"column":7}},"5":{"start":{"line":18,"column":8},"end":{"line":18,"column":41}},"6":{"start":{"line":20,"column":20},"end":{"line":32,"column":8}},"7":{"start":{"line":33,"column":33},"end":{"line":33,"column":40}},"8":{"start":{"line":34,"column":6},"end":{"line":34,"column":25}},"9":{"start":{"line":35,"column":6},"end":{"line":35,"column":37}},"10":{"start":{"line":38,"column":23},"end":{"line":44,"column":1}},"11":{"start":{"line":39,"column":19},"end":{"line":42,"column":8}},"12":{"start":{"line":43,"column":4},"end":{"line":43,"column":17}},"13":{"start":{"line":46,"column":22},"end":{"line":49,"column":1}},"14":{"start":{"line":47,"column":19},"end":{"line":47,"column":77}},"15":{"start":{"line":48,"column":4},"end":{"line":48,"column":17}},"16":{"start":{"line":51,"column":19},"end":{"line":55,"column":1}},"17":{"start":{"line":52,"column":19},"end":{"line":52,"column":45}},"18":{"start":{"line":53,"column":4},"end":{"line":53,"column":17}},"19":{"start":{"line":56,"column":22},"end":{"line":64,"column":1}},"20":{"start":{"line":57,"column":19},"end":{"line":61,"column":7}},"21":{"start":{"line":62,"column":6},"end":{"line":62,"column":19}},"22":{"start":{"line":66,"column":0},"end":{"line":72,"column":1}}},"fnMap":{"0":{"name":"(anonymous_0)","decl":{"start":{"line":5,"column":21},"end":{"line":5,"column":22}},"loc":{"start":{"line":5,"column":46},"end":{"line":36,"column":1}},"line":5},"1":{"name":"(anonymous_1)","decl":{"start":{"line":38,"column":23},"end":{"line":38,"column":24}},"loc":{"start":{"line":38,"column":45},"end":{"line":44,"column":1}},"line":38},"2":{"name":"(anonymous_2)","decl":{"start":{"line":46,"column":22},"end":{"line":46,"column":23}},"loc":{"start":{"line":46,"column":44},"end":{"line":49,"column":1}},"line":46},"3":{"name":"(anonymous_3)","decl":{"start":{"line":51,"column":19},"end":{"line":51,"column":20}},"loc":{"start":{"line":51,"column":35},"end":{"line":55,"column":1}},"line":51},"4":{"name":"(anonymous_4)","decl":{"start":{"line":56,"column":22},"end":{"line":56,"column":23}},"loc":{"start":{"line":56,"column":50},"end":{"line":64,"column":1}},"line":56}},"branchMap":{"0":{"loc":{"start":{"line":10,"column":8},"end":{"line":10,"column":24}},"type":"default-arg","locations":[{"start":{"line":10,"column":19},"end":{"line":10,"column":24}}],"line":10},"1":{"loc":{"start":{"line":11,"column":8},"end":{"line":11,"column":17}},"type":"default-arg","locations":[{"start":{"line":11,"column":16},"end":{"line":11,"column":17}}],"line":11},"2":{"loc":{"start":{"line":12,"column":8},"end":{"line":12,"column":18}},"type":"default-arg","locations":[{"start":{"line":12,"column":17},"end":{"line":12,"column":18}}],"line":12},"3":{"loc":{"start":{"line":17,"column":6},"end":{"line":19,"column":7}},"type":"if","locations":[{"start":{"line":17,"column":6},"end":{"line":19,"column":7}},{"start":{},"end":{}}],"line":17},"4":{"loc":{"start":{"line":24,"column":14},"end":{"line":24,"column":48}},"type":"cond-expr","locations":[{"start":{"line":24,"column":23},"end":{"line":24,"column":43}},{"start":{"line":24,"column":46},"end":{"line":24,"column":48}}],"line":24},"5":{"loc":{"start":{"line":25,"column":14},"end":{"line":25,"column":57}},"type":"cond-expr","locations":[{"start":{"line":25,"column":27},"end":{"line":25,"column":52}},{"start":{"line":25,"column":55},"end":{"line":25,"column":57}}],"line":25},"6":{"loc":{"start":{"line":27,"column":16},"end":{"line":27,"column":57}},"type":"cond-expr","locations":[{"start":{"line":27,"column":25},"end":{"line":27,"column":52}},{"start":{"line":27,"column":55},"end":{"line":27,"column":57}}],"line":27}},"s":{"0":1,"1":1,"2":0,"3":0,"4":0,"5":0,"6":0,"7":0,"8":0,"9":0,"10":1,"11":0,"12":0,"13":1,"14":0,"15":0,"16":1,"17":0,"18":0,"19":1,"20":0,"21":0,"22":1},"f":{"0":0,"1":0,"2":0,"3":0,"4":0},"b":{"0":[0],"1":[0],"2":[0],"3":[0,0],"4":[0,0],"5":[0,0],"6":[0,0]},"_coverageSchema":"1a1c01bbd47fc00a2c39e90264f33305004495a9","hash":"1716f68035fea19063d6f58f594c0fd99fc7d97b"}
,"D:\\IT\\NODEJS\\nodejs-homework\\repository\\users.js": {"path":"D:\\IT\\NODEJS\\nodejs-homework\\repository\\users.js","statementMap":{"0":{"start":{"line":1,"column":13},"end":{"line":1,"column":37}},"1":{"start":{"line":3,"column":17},"end":{"line":5,"column":1}},"2":{"start":{"line":4,"column":2},"end":{"line":4,"column":32}},"3":{"start":{"line":7,"column":20},"end":{"line":9,"column":1}},"4":{"start":{"line":8,"column":2},"end":{"line":8,"column":38}},"5":{"start":{"line":11,"column":15},"end":{"line":14,"column":1}},"6":{"start":{"line":12,"column":15},"end":{"line":12,"column":32}},"7":{"start":{"line":13,"column":2},"end":{"line":13,"column":26}},"8":{"start":{"line":16,"column":20},"end":{"line":18,"column":1}},"9":{"start":{"line":17,"column":2},"end":{"line":17,"column":53}},"10":{"start":{"line":20,"column":24},"end":{"line":22,"column":1}},"11":{"start":{"line":21,"column":2},"end":{"line":21,"column":39}},"12":{"start":{"line":23,"column":21},"end":{"line":25,"column":1}},"13":{"start":{"line":24,"column":2},"end":{"line":24,"column":67}},"14":{"start":{"line":27,"column":0},"end":{"line":27,"column":93}}},"fnMap":{"0":{"name":"(anonymous_0)","decl":{"start":{"line":3,"column":17},"end":{"line":3,"column":18}},"loc":{"start":{"line":3,"column":31},"end":{"line":5,"column":1}},"line":3},"1":{"name":"(anonymous_1)","decl":{"start":{"line":7,"column":20},"end":{"line":7,"column":21}},"loc":{"start":{"line":7,"column":37},"end":{"line":9,"column":1}},"line":7},"2":{"name":"(anonymous_2)","decl":{"start":{"line":11,"column":15},"end":{"line":11,"column":16}},"loc":{"start":{"line":11,"column":34},"end":{"line":14,"column":1}},"line":11},"3":{"name":"(anonymous_3)","decl":{"start":{"line":16,"column":20},"end":{"line":16,"column":21}},"loc":{"start":{"line":16,"column":41},"end":{"line":18,"column":1}},"line":16},"4":{"name":"(anonymous_4)","decl":{"start":{"line":20,"column":24},"end":{"line":20,"column":25}},"loc":{"start":{"line":20,"column":40},"end":{"line":22,"column":1}},"line":20},"5":{"name":"(anonymous_5)","decl":{"start":{"line":23,"column":21},"end":{"line":23,"column":22}},"loc":{"start":{"line":23,"column":63},"end":{"line":25,"column":1}},"line":23}},"branchMap":{"0":{"loc":{"start":{"line":23,"column":40},"end":{"line":23,"column":58}},"type":"default-arg","locations":[{"start":{"line":23,"column":54},"end":{"line":23,"column":58}}],"line":23}},"s":{"0":1,"1":1,"2":0,"3":1,"4":0,"5":1,"6":0,"7":0,"8":1,"9":0,"10":1,"11":0,"12":1,"13":0,"14":1},"f":{"0":0,"1":0,"2":0,"3":0,"4":0,"5":0},"b":{"0":[0]},"_coverageSchema":"1a1c01bbd47fc00a2c39e90264f33305004495a9","hash":"ea27fb71ac049cc34bed6bb3e2fe891bf9096ccd"}
}
