TN:
SF:config\constants.js
FNF:0
FNH:0
DA:1,1
DA:7,1
DA:21,1
LF:3
LH:3
BRF:0
BRH:0
end_of_record
TN:
SF:config\passport.js
FN:13,(anonymous_0)
FNF:1
FNH:0
FNDA:0,(anonymous_0)
DA:1,1
DA:2,1
DA:3,1
DA:4,1
DA:5,1
DA:7,1
DA:12,1
DA:14,0
DA:15,0
DA:16,0
DA:17,0
DA:19,0
DA:20,0
DA:22,0
DA:24,0
LF:15
LH:7
BRDA:16,0,0,0
BRDA:16,0,1,0
BRDA:19,1,0,0
BRDA:19,1,1,0
BRF:4
BRH:0
end_of_record
TN:
SF:controllers\contacts.js
FN:5,(anonymous_0)
FN:12,(anonymous_1)
FN:23,(anonymous_2)
FN:30,(anonymous_3)
FN:42,(anonymous_4)
FN:54,(anonymous_5)
FNF:6
FNH:1
FNDA:0,(anonymous_0)
FNDA:0,(anonymous_1)
FNDA:0,(anonymous_2)
FNDA:0,(anonymous_3)
FNDA:3,(anonymous_4)
FNDA:0,(anonymous_5)
DA:2,1
DA:3,1
DA:5,1
DA:6,0
DA:7,0
DA:8,0
DA:12,1
DA:13,0
DA:14,0
DA:15,0
DA:16,0
DA:20,0
DA:23,1
DA:24,0
DA:25,0
DA:26,0
DA:30,1
DA:31,0
DA:32,0
DA:33,0
DA:34,0
DA:38,0
DA:42,1
DA:43,3
DA:44,3
DA:45,3
DA:46,1
DA:50,2
DA:54,1
DA:55,0
DA:56,0
DA:57,0
DA:58,0
DA:62,0
DA:67,1
LF:35
LH:14
BRDA:15,0,0,0
BRDA:15,0,1,0
BRDA:33,1,0,0
BRDA:33,1,1,0
BRDA:45,2,0,1
BRDA:45,2,1,2
BRDA:57,3,0,0
BRDA:57,3,1,0
BRF:8
BRH:2
end_of_record
TN:
SF:helpers\customError.js
FN:2,(anonymous_0)
FNF:1
FNH:1
FNDA:3,(anonymous_0)
DA:3,3
DA:4,3
DA:5,3
DA:6,3
DA:10,1
LF:5
LH:5
BRDA:2,0,0,3
BRF:1
BRH:1
end_of_record
TN:
SF:helpers\guard.js
FN:5,(anonymous_0)
FN:6,(anonymous_1)
FNF:2
FNH:2
FNDA:3,(anonymous_0)
FNDA:3,(anonymous_1)
DA:1,1
DA:2,1
DA:3,1
DA:5,1
DA:6,3
DA:7,3
DA:8,3
DA:9,2
DA:15,1
DA:16,1
DA:20,1
LF:11
LH:11
BRDA:8,0,0,2
BRDA:8,0,1,1
BRDA:8,1,0,3
BRDA:8,1,1,2
BRDA:8,1,2,2
BRF:5
BRH:5
end_of_record
TN:
SF:model\index.js
FN:34,(anonymous_0)
FN:44,(anonymous_1)
FN:51,(anonymous_2)
FNF:3
FNH:0
FNDA:0,(anonymous_0)
FNDA:0,(anonymous_1)
FNDA:0,(anonymous_2)
DA:1,1
DA:2,1
DA:4,1
DA:35,0
DA:37,0
DA:44,1
DA:45,0
DA:46,0
DA:48,0
DA:51,1
DA:52,0
DA:53,0
DA:56,1
DA:58,1
DA:60,1
LF:15
LH:8
BRDA:45,0,0,0
BRDA:45,0,1,0
BRF:2
BRH:0
end_of_record
TN:
SF:model\user.js
FN:16,(anonymous_0)
FN:36,(anonymous_1)
FN:48,(anonymous_2)
FN:57,(anonymous_3)
FN:65,(anonymous_4)
FNF:5
FNH:0
FNDA:0,(anonymous_0)
FNDA:0,(anonymous_1)
FNDA:0,(anonymous_2)
FNDA:0,(anonymous_3)
FNDA:0,(anonymous_4)
DA:1,1
DA:2,1
DA:3,1
DA:4,1
DA:6,1
DA:17,0
DA:18,0
DA:37,0
DA:49,0
DA:50,0
DA:57,1
DA:58,0
DA:59,0
DA:60,0
DA:62,0
DA:65,1
DA:66,0
DA:69,1
DA:71,1
LF:19
LH:9
BRDA:58,0,0,0
BRDA:58,0,1,0
BRF:2
BRH:0
end_of_record
TN:
SF:repository\contacts.js
FN:5,(anonymous_0)
FN:38,(anonymous_1)
FN:46,(anonymous_2)
FN:51,(anonymous_3)
FN:56,(anonymous_4)
FNF:5
FNH:0
FNDA:0,(anonymous_0)
FNDA:0,(anonymous_1)
FNDA:0,(anonymous_2)
FNDA:0,(anonymous_3)
FNDA:0,(anonymous_4)
DA:1,1
DA:5,1
DA:13,0
DA:15,0
DA:17,0
DA:18,0
DA:20,0
DA:33,0
DA:34,0
DA:35,0
DA:38,1
DA:39,0
DA:43,0
DA:46,1
DA:47,0
DA:48,0
DA:51,1
DA:52,0
DA:53,0
DA:56,1
DA:57,0
DA:62,0
DA:66,1
LF:23
LH:7
BRDA:10,0,0,0
BRDA:11,1,0,0
BRDA:12,2,0,0
BRDA:17,3,0,0
BRDA:17,3,1,0
BRDA:24,4,0,0
BRDA:24,4,1,0
BRDA:25,5,0,0
BRDA:25,5,1,0
BRDA:27,6,0,0
BRDA:27,6,1,0
BRF:11
BRH:0
end_of_record
TN:
SF:repository\users.js
FN:3,(anonymous_0)
FN:7,(anonymous_1)
FN:11,(anonymous_2)
FN:16,(anonymous_3)
FN:20,(anonymous_4)
FN:23,(anonymous_5)
FNF:6
FNH:0
FNDA:0,(anonymous_0)
FNDA:0,(anonymous_1)
FNDA:0,(anonymous_2)
FNDA:0,(anonymous_3)
FNDA:0,(anonymous_4)
FNDA:0,(anonymous_5)
DA:1,1
DA:3,1
DA:4,0
DA:7,1
DA:8,0
DA:11,1
DA:12,0
DA:13,0
DA:16,1
DA:17,0
DA:20,1
DA:21,0
DA:23,1
DA:24,0
DA:27,1
LF:15
LH:8
BRDA:23,0,0,0
BRF:1
BRH:0
end_of_record
